0 info it worked if it ends with ok
1 verbose cli [ '/usr/local/bin/node', '/usr/local/bin/npm', 'run', 'deploy' ]
2 info using npm@3.10.9
3 info using node@v6.9.1
4 verbose run-script [ 'predeploy', 'deploy', 'postdeploy' ]
5 info lifecycle www.supnig.com@0.8.1~predeploy: www.supnig.com@0.8.1
6 silly lifecycle www.supnig.com@0.8.1~predeploy: no script for predeploy, continuing
7 info lifecycle www.supnig.com@0.8.1~deploy: www.supnig.com@0.8.1
8 verbose lifecycle www.supnig.com@0.8.1~deploy: unsafe-perm in lifecycle true
9 verbose lifecycle www.supnig.com@0.8.1~deploy: PATH: /usr/local/lib/node_modules/npm/bin/node-gyp-bin:/Users/christopher/Work/WS_www.supnig.com/node_modules/.bin:/usr/local/bin:/usr/bin:/bin:/usr/sbin:/sbin:/opt/X11/bin:/Applications/Wireshark.app/Contents/MacOS
10 verbose lifecycle www.supnig.com@0.8.1~deploy: CWD: /Users/christopher/Work/WS_www.supnig.com
11 silly lifecycle www.supnig.com@0.8.1~deploy: Args: [ '-c',
11 silly lifecycle   'gulp app:compile && git add . && git commit -am \'deploy\' && eb deploy' ]
12 silly lifecycle www.supnig.com@0.8.1~deploy: Returned: code: 4  signal: null
13 info lifecycle www.supnig.com@0.8.1~deploy: Failed to exec deploy script
14 verbose stack Error: www.supnig.com@0.8.1 deploy: `gulp app:compile && git add . && git commit -am 'deploy' && eb deploy`
14 verbose stack Exit status 4
14 verbose stack     at EventEmitter.<anonymous> (/usr/local/lib/node_modules/npm/lib/utils/lifecycle.js:255:16)
14 verbose stack     at emitTwo (events.js:106:13)
14 verbose stack     at EventEmitter.emit (events.js:191:7)
14 verbose stack     at ChildProcess.<anonymous> (/usr/local/lib/node_modules/npm/lib/utils/spawn.js:40:14)
14 verbose stack     at emitTwo (events.js:106:13)
14 verbose stack     at ChildProcess.emit (events.js:191:7)
14 verbose stack     at maybeClose (internal/child_process.js:877:16)
14 verbose stack     at Process.ChildProcess._handle.onexit (internal/child_process.js:226:5)
15 verbose pkgid www.supnig.com@0.8.1
16 verbose cwd /Users/christopher/Work/WS_www.supnig.com
17 error Darwin 16.7.0
18 error argv "/usr/local/bin/node" "/usr/local/bin/npm" "run" "deploy"
19 error node v6.9.1
20 error npm  v3.10.9
21 error code ELIFECYCLE
22 error www.supnig.com@0.8.1 deploy: `gulp app:compile && git add . && git commit -am 'deploy' && eb deploy`
22 error Exit status 4
23 error Failed at the www.supnig.com@0.8.1 deploy script 'gulp app:compile && git add . && git commit -am 'deploy' && eb deploy'.
23 error Make sure you have the latest version of node.js and npm installed.
23 error If you do, this is most likely a problem with the www.supnig.com package,
23 error not with npm itself.
23 error Tell the author that this fails on your system:
23 error     gulp app:compile && git add . && git commit -am 'deploy' && eb deploy
23 error You can get information on how to open an issue for this project with:
23 error     npm bugs www.supnig.com
23 error Or if that isn't available, you can get their info via:
23 error     npm owner ls www.supnig.com
23 error There is likely additional logging output above.
24 verbose exit [ 1, true ]
